<?xml version="1.0" encoding="UTF-8"?>
<testng-results ignored="0" total="3" passed="3" failed="0" skipped="0">
  <reporter-output>
  </reporter-output>
  <suite started-at="2023-07-07T15:34:56 EDT" name="B5 learning" finished-at="2023-07-07T15:35:04 EDT" duration-ms="8069">
    <groups>
      <group name="smoke">
        <method signature="DemoTest.Login()[pri:0, instance:DemoTest@5ba3f27a]" name="Login" class="DemoTest"/>
      </group> <!-- smoke -->
    </groups>
    <test started-at="2023-07-07T15:34:56 EDT" name="b5-learning" finished-at="2023-07-07T15:35:04 EDT" duration-ms="8069">
      <class name="DemoTest">
        <test-method signature="Login()[pri:0, instance:DemoTest@5ba3f27a]" started-at="2023-07-07T15:34:56 EDT" name="Login" finished-at="2023-07-07T15:34:56 EDT" duration-ms="9" status="PASS">
          <reporter-output>
          </reporter-output>
        </test-method> <!-- Login -->
        <test-method signature="Setup()[pri:0, instance:DemoTest@5ba3f27a]" started-at="2023-07-07T15:34:56 EDT" name="Setup" finished-at="2023-07-07T15:35:04 EDT" duration-ms="7904" status="PASS">
          <reporter-output>
          </reporter-output>
        </test-method> <!-- Setup -->
        <test-method signature="Logout()[pri:2, instance:DemoTest@5ba3f27a]" started-at="2023-07-07T15:35:04 EDT" name="Logout" finished-at="2023-07-07T15:35:04 EDT" depends-on-methods="DemoTest.Login" duration-ms="0" status="PASS">
          <reporter-output>
          </reporter-output>
        </test-method> <!-- Logout -->
      </class> <!-- DemoTest -->
    </test> <!-- b5-learning -->
  </suite> <!-- B5 learning -->
</testng-results>
